[2024-12-21 17:03:45] local.ERROR: cURL error 6: Could not resolve host: user-service.local (see https://curl.haxx.se/libcurl/c/libcurl-errors.html) for http://user-service.local/api/register {"exception":"[object] (Illuminate\\Http\\Client\\ConnectionException(code: 0): cURL error 6: Could not resolve host: user-service.local (see https://curl.haxx.se/libcurl/c/libcurl-errors.html) for http://user-service.local/api/register at /Users/anhnguyen/Desktop/laptop_shop/laravel-gateway/vendor/laravel/framework/src/Illuminate/Http/Client/PendingRequest.php:930)
[stacktrace]
#0 /Users/anhnguyen/Desktop/laptop_shop/laravel-gateway/vendor/laravel/framework/src/Illuminate/Support/helpers.php(248): Illuminate\\Http\\Client\\PendingRequest->Illuminate\\Http\\Client\\{closure}(1)
#1 /Users/anhnguyen/Desktop/laptop_shop/laravel-gateway/vendor/laravel/framework/src/Illuminate/Http/Client/PendingRequest.php(892): retry(0, Object(Closure), 100, Object(Closure))
#2 /Users/anhnguyen/Desktop/laptop_shop/laravel-gateway/vendor/laravel/framework/src/Illuminate/Http/Client/PendingRequest.php(798): Illuminate\\Http\\Client\\PendingRequest->send('POST', 'http://user-ser...', Array)
#3 /Users/anhnguyen/Desktop/laptop_shop/laravel-gateway/vendor/laravel/framework/src/Illuminate/Http/Client/Factory.php(461): Illuminate\\Http\\Client\\PendingRequest->post('http://user-ser...', Array)
#4 /Users/anhnguyen/Desktop/laptop_shop/laravel-gateway/vendor/laravel/framework/src/Illuminate/Support/Facades/Facade.php(355): Illuminate\\Http\\Client\\Factory->__call('post', Array)
#5 /Users/anhnguyen/Desktop/laptop_shop/laravel-gateway/app/Http/Controllers/ApiGatewayController.php(15): Illuminate\\Support\\Facades\\Facade::__callStatic('post', Array)
#6 /Users/anhnguyen/Desktop/laptop_shop/laravel-gateway/vendor/laravel/framework/src/Illuminate/Routing/Controller.php(54): App\\Http\\Controllers\\ApiGatewayController->forwardRequest('user', Object(Illuminate\\Http\\Request))
#7 /Users/anhnguyen/Desktop/laptop_shop/laravel-gateway/vendor/laravel/framework/src/Illuminate/Routing/ControllerDispatcher.php(43): Illuminate\\Routing\\Controller->callAction('forwardRequest', Array)
#8 /Users/anhnguyen/Desktop/laptop_shop/laravel-gateway/vendor/laravel/framework/src/Illuminate/Routing/Route.php(259): Illuminate\\Routing\\ControllerDispatcher->dispatch(Object(Illuminate\\Routing\\Route), Object(App\\Http\\Controllers\\ApiGatewayController), 'forwardRequest')
#9 /Users/anhnguyen/Desktop/laptop_shop/laravel-gateway/vendor/laravel/framework/src/Illuminate/Routing/Route.php(205): Illuminate\\Routing\\Route->runController()
#10 /Users/anhnguyen/Desktop/laptop_shop/laravel-gateway/vendor/laravel/framework/src/Illuminate/Routing/Router.php(806): Illuminate\\Routing\\Route->run()
#11 /Users/anhnguyen/Desktop/laptop_shop/laravel-gateway/vendor/laravel/framework/src/Illuminate/Pipeline/Pipeline.php(144): Illuminate\\Routing\\Router->Illuminate\\Routing\\{closure}(Object(Illuminate\\Http\\Request))
#12 /Users/anhnguyen/Desktop/laptop_shop/laravel-gateway/vendor/laravel/framework/src/Illuminate/Routing/Middleware/SubstituteBindings.php(50): Illuminate\\Pipeline\\Pipeline->Illuminate\\Pipeline\\{closure}(Object(Illuminate\\Http\\Request))
#13 /Users/anhnguyen/Desktop/laptop_shop/laravel-gateway/vendor/laravel/framework/src/Illuminate/Pipeline/Pipeline.php(183): Illuminate\\Routing\\Middleware\\SubstituteBindings->handle(Object(Illuminate\\Http\\Request), Object(Closure))
#14 /Users/anhnguyen/Desktop/laptop_shop/laravel-gateway/vendor/laravel/framework/src/Illuminate/Routing/Middleware/ThrottleRequests.php(159): Illuminate\\Pipeline\\Pipeline->Illuminate\\Pipeline\\{closure}(Object(Illuminate\\Http\\Request))
#15 /Users/anhnguyen/Desktop/laptop_shop/laravel-gateway/vendor/laravel/framework/src/Illuminate/Routing/Middleware/ThrottleRequests.php(125): Illuminate\\Routing\\Middleware\\ThrottleRequests->handleRequest(Object(Illuminate\\Http\\Request), Object(Closure), Array)
#16 /Users/anhnguyen/Desktop/laptop_shop/laravel-gateway/vendor/laravel/framework/src/Illuminate/Routing/Middleware/ThrottleRequests.php(87): Illuminate\\Routing\\Middleware\\ThrottleRequests->handleRequestUsingNamedLimiter(Object(Illuminate\\Http\\Request), Object(Closure), 'api', Object(Closure))
#17 /Users/anhnguyen/Desktop/laptop_shop/laravel-gateway/vendor/laravel/framework/src/Illuminate/Pipeline/Pipeline.php(183): Illuminate\\Routing\\Middleware\\ThrottleRequests->handle(Object(Illuminate\\Http\\Request), Object(Closure), 'api')
#18 /Users/anhnguyen/Desktop/laptop_shop/laravel-gateway/vendor/laravel/framework/src/Illuminate/Pipeline/Pipeline.php(119): Illuminate\\Pipeline\\Pipeline->Illuminate\\Pipeline\\{closure}(Object(Illuminate\\Http\\Request))
#19 /Users/anhnguyen/Desktop/laptop_shop/laravel-gateway/vendor/laravel/framework/src/Illuminate/Routing/Router.php(805): Illuminate\\Pipeline\\Pipeline->then(Object(Closure))
#20 /Users/anhnguyen/Desktop/laptop_shop/laravel-gateway/vendor/laravel/framework/src/Illuminate/Routing/Router.php(784): Illuminate\\Routing\\Router->runRouteWithinStack(Object(Illuminate\\Routing\\Route), Object(Illuminate\\Http\\Request))
#21 /Users/anhnguyen/Desktop/laptop_shop/laravel-gateway/vendor/laravel/framework/src/Illuminate/Routing/Router.php(748): Illuminate\\Routing\\Router->runRoute(Object(Illuminate\\Http\\Request), Object(Illuminate\\Routing\\Route))
#22 /Users/anhnguyen/Desktop/laptop_shop/laravel-gateway/vendor/laravel/framework/src/Illuminate/Routing/Router.php(737): Illuminate\\Routing\\Router->dispatchToRoute(Object(Illuminate\\Http\\Request))
#23 /Users/anhnguyen/Desktop/laptop_shop/laravel-gateway/vendor/laravel/framework/src/Illuminate/Foundation/Http/Kernel.php(200): Illuminate\\Routing\\Router->dispatch(Object(Illuminate\\Http\\Request))
#24 /Users/anhnguyen/Desktop/laptop_shop/laravel-gateway/vendor/laravel/framework/src/Illuminate/Pipeline/Pipeline.php(144): Illuminate\\Foundation\\Http\\Kernel->Illuminate\\Foundation\\Http\\{closure}(Object(Illuminate\\Http\\Request))
#25 /Users/anhnguyen/Desktop/laptop_shop/laravel-gateway/vendor/laravel/framework/src/Illuminate/Foundation/Http/Middleware/TransformsRequest.php(21): Illuminate\\Pipeline\\Pipeline->Illuminate\\Pipeline\\{closure}(Object(Illuminate\\Http\\Request))
#26 /Users/anhnguyen/Desktop/laptop_shop/laravel-gateway/vendor/laravel/framework/src/Illuminate/Foundation/Http/Middleware/ConvertEmptyStringsToNull.php(31): Illuminate\\Foundation\\Http\\Middleware\\TransformsRequest->handle(Object(Illuminate\\Http\\Request), Object(Closure))
#27 /Users/anhnguyen/Desktop/laptop_shop/laravel-gateway/vendor/laravel/framework/src/Illuminate/Pipeline/Pipeline.php(183): Illuminate\\Foundation\\Http\\Middleware\\ConvertEmptyStringsToNull->handle(Object(Illuminate\\Http\\Request), Object(Closure))
#28 /Users/anhnguyen/Desktop/laptop_shop/laravel-gateway/vendor/laravel/framework/src/Illuminate/Foundation/Http/Middleware/TransformsRequest.php(21): Illuminate\\Pipeline\\Pipeline->Illuminate\\Pipeline\\{closure}(Object(Illuminate\\Http\\Request))
#29 /Users/anhnguyen/Desktop/laptop_shop/laravel-gateway/vendor/laravel/framework/src/Illuminate/Foundation/Http/Middleware/TrimStrings.php(40): Illuminate\\Foundation\\Http\\Middleware\\TransformsRequest->handle(Object(Illuminate\\Http\\Request), Object(Closure))
#30 /Users/anhnguyen/Desktop/laptop_shop/laravel-gateway/vendor/laravel/framework/src/Illuminate/Pipeline/Pipeline.php(183): Illuminate\\Foundation\\Http\\Middleware\\TrimStrings->handle(Object(Illuminate\\Http\\Request), Object(Closure))
#31 /Users/anhnguyen/Desktop/laptop_shop/laravel-gateway/vendor/laravel/framework/src/Illuminate/Foundation/Http/Middleware/ValidatePostSize.php(27): Illuminate\\Pipeline\\Pipeline->Illuminate\\Pipeline\\{closure}(Object(Illuminate\\Http\\Request))
#32 /Users/anhnguyen/Desktop/laptop_shop/laravel-gateway/vendor/laravel/framework/src/Illuminate/Pipeline/Pipeline.php(183): Illuminate\\Foundation\\Http\\Middleware\\ValidatePostSize->handle(Object(Illuminate\\Http\\Request), Object(Closure))
#33 /Users/anhnguyen/Desktop/laptop_shop/laravel-gateway/vendor/laravel/framework/src/Illuminate/Foundation/Http/Middleware/PreventRequestsDuringMaintenance.php(99): Illuminate\\Pipeline\\Pipeline->Illuminate\\Pipeline\\{closure}(Object(Illuminate\\Http\\Request))
#34 /Users/anhnguyen/Desktop/laptop_shop/laravel-gateway/vendor/laravel/framework/src/Illuminate/Pipeline/Pipeline.php(183): Illuminate\\Foundation\\Http\\Middleware\\PreventRequestsDuringMaintenance->handle(Object(Illuminate\\Http\\Request), Object(Closure))
#35 /Users/anhnguyen/Desktop/laptop_shop/laravel-gateway/vendor/laravel/framework/src/Illuminate/Http/Middleware/HandleCors.php(62): Illuminate\\Pipeline\\Pipeline->Illuminate\\Pipeline\\{closure}(Object(Illuminate\\Http\\Request))
#36 /Users/anhnguyen/Desktop/laptop_shop/laravel-gateway/vendor/laravel/framework/src/Illuminate/Pipeline/Pipeline.php(183): Illuminate\\Http\\Middleware\\HandleCors->handle(Object(Illuminate\\Http\\Request), Object(Closure))
#37 /Users/anhnguyen/Desktop/laptop_shop/laravel-gateway/vendor/laravel/framework/src/Illuminate/Http/Middleware/TrustProxies.php(39): Illuminate\\Pipeline\\Pipeline->Illuminate\\Pipeline\\{closure}(Object(Illuminate\\Http\\Request))
#38 /Users/anhnguyen/Desktop/laptop_shop/laravel-gateway/vendor/laravel/framework/src/Illuminate/Pipeline/Pipeline.php(183): Illuminate\\Http\\Middleware\\TrustProxies->handle(Object(Illuminate\\Http\\Request), Object(Closure))
#39 /Users/anhnguyen/Desktop/laptop_shop/laravel-gateway/vendor/laravel/framework/src/Illuminate/Pipeline/Pipeline.php(119): Illuminate\\Pipeline\\Pipeline->Illuminate\\Pipeline\\{closure}(Object(Illuminate\\Http\\Request))
#40 /Users/anhnguyen/Desktop/laptop_shop/laravel-gateway/vendor/laravel/framework/src/Illuminate/Foundation/Http/Kernel.php(175): Illuminate\\Pipeline\\Pipeline->then(Object(Closure))
#41 /Users/anhnguyen/Desktop/laptop_shop/laravel-gateway/vendor/laravel/framework/src/Illuminate/Foundation/Http/Kernel.php(144): Illuminate\\Foundation\\Http\\Kernel->sendRequestThroughRouter(Object(Illuminate\\Http\\Request))
#42 /Users/anhnguyen/Desktop/laptop_shop/laravel-gateway/public/index.php(51): Illuminate\\Foundation\\Http\\Kernel->handle(Object(Illuminate\\Http\\Request))
#43 /Users/anhnguyen/Desktop/laptop_shop/laravel-gateway/vendor/laravel/framework/src/Illuminate/Foundation/resources/server.php(16): require_once('/Users/anhnguye...')
#44 {main}

[previous exception] [object] (GuzzleHttp\\Exception\\ConnectException(code: 0): cURL error 6: Could not resolve host: user-service.local (see https://curl.haxx.se/libcurl/c/libcurl-errors.html) for http://user-service.local/api/register at /Users/anhnguyen/Desktop/laptop_shop/laravel-gateway/vendor/guzzlehttp/guzzle/src/Handler/CurlFactory.php:275)
[stacktrace]
#0 /Users/anhnguyen/Desktop/laptop_shop/laravel-gateway/vendor/guzzlehttp/guzzle/src/Handler/CurlFactory.php(205): GuzzleHttp\\Handler\\CurlFactory::createRejection(Object(GuzzleHttp\\Handler\\EasyHandle), Array)
#1 /Users/anhnguyen/Desktop/laptop_shop/laravel-gateway/vendor/guzzlehttp/guzzle/src/Handler/CurlFactory.php(157): GuzzleHttp\\Handler\\CurlFactory::finishError(Object(GuzzleHttp\\Handler\\CurlHandler), Object(GuzzleHttp\\Handler\\EasyHandle), Object(GuzzleHttp\\Handler\\CurlFactory))
#2 /Users/anhnguyen/Desktop/laptop_shop/laravel-gateway/vendor/guzzlehttp/guzzle/src/Handler/CurlHandler.php(47): GuzzleHttp\\Handler\\CurlFactory::finish(Object(GuzzleHttp\\Handler\\CurlHandler), Object(GuzzleHttp\\Handler\\EasyHandle), Object(GuzzleHttp\\Handler\\CurlFactory))
#3 /Users/anhnguyen/Desktop/laptop_shop/laravel-gateway/vendor/guzzlehttp/guzzle/src/Handler/Proxy.php(28): GuzzleHttp\\Handler\\CurlHandler->__invoke(Object(GuzzleHttp\\Psr7\\Request), Array)
#4 /Users/anhnguyen/Desktop/laptop_shop/laravel-gateway/vendor/guzzlehttp/guzzle/src/Handler/Proxy.php(48): GuzzleHttp\\Handler\\Proxy::GuzzleHttp\\Handler\\{closure}(Object(GuzzleHttp\\Psr7\\Request), Array)
#5 /Users/anhnguyen/Desktop/laptop_shop/laravel-gateway/vendor/laravel/framework/src/Illuminate/Http/Client/PendingRequest.php(1256): GuzzleHttp\\Handler\\Proxy::GuzzleHttp\\Handler\\{closure}(Object(GuzzleHttp\\Psr7\\Request), Array)
#6 /Users/anhnguyen/Desktop/laptop_shop/laravel-gateway/vendor/laravel/framework/src/Illuminate/Http/Client/PendingRequest.php(1222): Illuminate\\Http\\Client\\PendingRequest->Illuminate\\Http\\Client\\{closure}(Object(GuzzleHttp\\Psr7\\Request), Array)
#7 /Users/anhnguyen/Desktop/laptop_shop/laravel-gateway/vendor/laravel/framework/src/Illuminate/Http/Client/PendingRequest.php(1208): Illuminate\\Http\\Client\\PendingRequest->Illuminate\\Http\\Client\\{closure}(Object(GuzzleHttp\\Psr7\\Request), Array)
#8 /Users/anhnguyen/Desktop/laptop_shop/laravel-gateway/vendor/guzzlehttp/guzzle/src/PrepareBodyMiddleware.php(64): Illuminate\\Http\\Client\\PendingRequest->Illuminate\\Http\\Client\\{closure}(Object(GuzzleHttp\\Psr7\\Request), Array)
#9 /Users/anhnguyen/Desktop/laptop_shop/laravel-gateway/vendor/guzzlehttp/guzzle/src/Middleware.php(38): GuzzleHttp\\PrepareBodyMiddleware->__invoke(Object(GuzzleHttp\\Psr7\\Request), Array)
#10 /Users/anhnguyen/Desktop/laptop_shop/laravel-gateway/vendor/guzzlehttp/guzzle/src/RedirectMiddleware.php(71): GuzzleHttp\\Middleware::GuzzleHttp\\{closure}(Object(GuzzleHttp\\Psr7\\Request), Array)
#11 /Users/anhnguyen/Desktop/laptop_shop/laravel-gateway/vendor/guzzlehttp/guzzle/src/Middleware.php(63): GuzzleHttp\\RedirectMiddleware->__invoke(Object(GuzzleHttp\\Psr7\\Request), Array)
#12 /Users/anhnguyen/Desktop/laptop_shop/laravel-gateway/vendor/guzzlehttp/guzzle/src/HandlerStack.php(75): GuzzleHttp\\Middleware::GuzzleHttp\\{closure}(Object(GuzzleHttp\\Psr7\\Request), Array)
#13 /Users/anhnguyen/Desktop/laptop_shop/laravel-gateway/vendor/guzzlehttp/guzzle/src/Client.php(333): GuzzleHttp\\HandlerStack->__invoke(Object(GuzzleHttp\\Psr7\\Request), Array)
#14 /Users/anhnguyen/Desktop/laptop_shop/laravel-gateway/vendor/guzzlehttp/guzzle/src/Client.php(169): GuzzleHttp\\Client->transfer(Object(GuzzleHttp\\Psr7\\Request), Array)
#15 /Users/anhnguyen/Desktop/laptop_shop/laravel-gateway/vendor/guzzlehttp/guzzle/src/Client.php(189): GuzzleHttp\\Client->requestAsync('POST', Object(GuzzleHttp\\Psr7\\Uri), Array)
#16 /Users/anhnguyen/Desktop/laptop_shop/laravel-gateway/vendor/laravel/framework/src/Illuminate/Http/Client/PendingRequest.php(1053): GuzzleHttp\\Client->request('POST', 'http://user-ser...', Array)
#17 /Users/anhnguyen/Desktop/laptop_shop/laravel-gateway/vendor/laravel/framework/src/Illuminate/Http/Client/PendingRequest.php(894): Illuminate\\Http\\Client\\PendingRequest->sendRequest('POST', 'http://user-ser...', Array)
#18 /Users/anhnguyen/Desktop/laptop_shop/laravel-gateway/vendor/laravel/framework/src/Illuminate/Support/helpers.php(248): Illuminate\\Http\\Client\\PendingRequest->Illuminate\\Http\\Client\\{closure}(1)
#19 /Users/anhnguyen/Desktop/laptop_shop/laravel-gateway/vendor/laravel/framework/src/Illuminate/Http/Client/PendingRequest.php(892): retry(0, Object(Closure), 100, Object(Closure))
#20 /Users/anhnguyen/Desktop/laptop_shop/laravel-gateway/vendor/laravel/framework/src/Illuminate/Http/Client/PendingRequest.php(798): Illuminate\\Http\\Client\\PendingRequest->send('POST', 'http://user-ser...', Array)
#21 /Users/anhnguyen/Desktop/laptop_shop/laravel-gateway/vendor/laravel/framework/src/Illuminate/Http/Client/Factory.php(461): Illuminate\\Http\\Client\\PendingRequest->post('http://user-ser...', Array)
#22 /Users/anhnguyen/Desktop/laptop_shop/laravel-gateway/vendor/laravel/framework/src/Illuminate/Support/Facades/Facade.php(355): Illuminate\\Http\\Client\\Factory->__call('post', Array)
#23 /Users/anhnguyen/Desktop/laptop_shop/laravel-gateway/app/Http/Controllers/ApiGatewayController.php(15): Illuminate\\Support\\Facades\\Facade::__callStatic('post', Array)
#24 /Users/anhnguyen/Desktop/laptop_shop/laravel-gateway/vendor/laravel/framework/src/Illuminate/Routing/Controller.php(54): App\\Http\\Controllers\\ApiGatewayController->forwardRequest('user', Object(Illuminate\\Http\\Request))
#25 /Users/anhnguyen/Desktop/laptop_shop/laravel-gateway/vendor/laravel/framework/src/Illuminate/Routing/ControllerDispatcher.php(43): Illuminate\\Routing\\Controller->callAction('forwardRequest', Array)
#26 /Users/anhnguyen/Desktop/laptop_shop/laravel-gateway/vendor/laravel/framework/src/Illuminate/Routing/Route.php(259): Illuminate\\Routing\\ControllerDispatcher->dispatch(Object(Illuminate\\Routing\\Route), Object(App\\Http\\Controllers\\ApiGatewayController), 'forwardRequest')
#27 /Users/anhnguyen/Desktop/laptop_shop/laravel-gateway/vendor/laravel/framework/src/Illuminate/Routing/Route.php(205): Illuminate\\Routing\\Route->runController()
#28 /Users/anhnguyen/Desktop/laptop_shop/laravel-gateway/vendor/laravel/framework/src/Illuminate/Routing/Router.php(806): Illuminate\\Routing\\Route->run()
#29 /Users/anhnguyen/Desktop/laptop_shop/laravel-gateway/vendor/laravel/framework/src/Illuminate/Pipeline/Pipeline.php(144): Illuminate\\Routing\\Router->Illuminate\\Routing\\{closure}(Object(Illuminate\\Http\\Request))
#30 /Users/anhnguyen/Desktop/laptop_shop/laravel-gateway/vendor/laravel/framework/src/Illuminate/Routing/Middleware/SubstituteBindings.php(50): Illuminate\\Pipeline\\Pipeline->Illuminate\\Pipeline\\{closure}(Object(Illuminate\\Http\\Request))
#31 /Users/anhnguyen/Desktop/laptop_shop/laravel-gateway/vendor/laravel/framework/src/Illuminate/Pipeline/Pipeline.php(183): Illuminate\\Routing\\Middleware\\SubstituteBindings->handle(Object(Illuminate\\Http\\Request), Object(Closure))
#32 /Users/anhnguyen/Desktop/laptop_shop/laravel-gateway/vendor/laravel/framework/src/Illuminate/Routing/Middleware/ThrottleRequests.php(159): Illuminate\\Pipeline\\Pipeline->Illuminate\\Pipeline\\{closure}(Object(Illuminate\\Http\\Request))
#33 /Users/anhnguyen/Desktop/laptop_shop/laravel-gateway/vendor/laravel/framework/src/Illuminate/Routing/Middleware/ThrottleRequests.php(125): Illuminate\\Routing\\Middleware\\ThrottleRequests->handleRequest(Object(Illuminate\\Http\\Request), Object(Closure), Array)
#34 /Users/anhnguyen/Desktop/laptop_shop/laravel-gateway/vendor/laravel/framework/src/Illuminate/Routing/Middleware/ThrottleRequests.php(87): Illuminate\\Routing\\Middleware\\ThrottleRequests->handleRequestUsingNamedLimiter(Object(Illuminate\\Http\\Request), Object(Closure), 'api', Object(Closure))
#35 /Users/anhnguyen/Desktop/laptop_shop/laravel-gateway/vendor/laravel/framework/src/Illuminate/Pipeline/Pipeline.php(183): Illuminate\\Routing\\Middleware\\ThrottleRequests->handle(Object(Illuminate\\Http\\Request), Object(Closure), 'api')
#36 /Users/anhnguyen/Desktop/laptop_shop/laravel-gateway/vendor/laravel/framework/src/Illuminate/Pipeline/Pipeline.php(119): Illuminate\\Pipeline\\Pipeline->Illuminate\\Pipeline\\{closure}(Object(Illuminate\\Http\\Request))
#37 /Users/anhnguyen/Desktop/laptop_shop/laravel-gateway/vendor/laravel/framework/src/Illuminate/Routing/Router.php(805): Illuminate\\Pipeline\\Pipeline->then(Object(Closure))
#38 /Users/anhnguyen/Desktop/laptop_shop/laravel-gateway/vendor/laravel/framework/src/Illuminate/Routing/Router.php(784): Illuminate\\Routing\\Router->runRouteWithinStack(Object(Illuminate\\Routing\\Route), Object(Illuminate\\Http\\Request))
#39 /Users/anhnguyen/Desktop/laptop_shop/laravel-gateway/vendor/laravel/framework/src/Illuminate/Routing/Router.php(748): Illuminate\\Routing\\Router->runRoute(Object(Illuminate\\Http\\Request), Object(Illuminate\\Routing\\Route))
#40 /Users/anhnguyen/Desktop/laptop_shop/laravel-gateway/vendor/laravel/framework/src/Illuminate/Routing/Router.php(737): Illuminate\\Routing\\Router->dispatchToRoute(Object(Illuminate\\Http\\Request))
#41 /Users/anhnguyen/Desktop/laptop_shop/laravel-gateway/vendor/laravel/framework/src/Illuminate/Foundation/Http/Kernel.php(200): Illuminate\\Routing\\Router->dispatch(Object(Illuminate\\Http\\Request))
#42 /Users/anhnguyen/Desktop/laptop_shop/laravel-gateway/vendor/laravel/framework/src/Illuminate/Pipeline/Pipeline.php(144): Illuminate\\Foundation\\Http\\Kernel->Illuminate\\Foundation\\Http\\{closure}(Object(Illuminate\\Http\\Request))
#43 /Users/anhnguyen/Desktop/laptop_shop/laravel-gateway/vendor/laravel/framework/src/Illuminate/Foundation/Http/Middleware/TransformsRequest.php(21): Illuminate\\Pipeline\\Pipeline->Illuminate\\Pipeline\\{closure}(Object(Illuminate\\Http\\Request))
#44 /Users/anhnguyen/Desktop/laptop_shop/laravel-gateway/vendor/laravel/framework/src/Illuminate/Foundation/Http/Middleware/ConvertEmptyStringsToNull.php(31): Illuminate\\Foundation\\Http\\Middleware\\TransformsRequest->handle(Object(Illuminate\\Http\\Request), Object(Closure))
#45 /Users/anhnguyen/Desktop/laptop_shop/laravel-gateway/vendor/laravel/framework/src/Illuminate/Pipeline/Pipeline.php(183): Illuminate\\Foundation\\Http\\Middleware\\ConvertEmptyStringsToNull->handle(Object(Illuminate\\Http\\Request), Object(Closure))
#46 /Users/anhnguyen/Desktop/laptop_shop/laravel-gateway/vendor/laravel/framework/src/Illuminate/Foundation/Http/Middleware/TransformsRequest.php(21): Illuminate\\Pipeline\\Pipeline->Illuminate\\Pipeline\\{closure}(Object(Illuminate\\Http\\Request))
#47 /Users/anhnguyen/Desktop/laptop_shop/laravel-gateway/vendor/laravel/framework/src/Illuminate/Foundation/Http/Middleware/TrimStrings.php(40): Illuminate\\Foundation\\Http\\Middleware\\TransformsRequest->handle(Object(Illuminate\\Http\\Request), Object(Closure))
#48 /Users/anhnguyen/Desktop/laptop_shop/laravel-gateway/vendor/laravel/framework/src/Illuminate/Pipeline/Pipeline.php(183): Illuminate\\Foundation\\Http\\Middleware\\TrimStrings->handle(Object(Illuminate\\Http\\Request), Object(Closure))
#49 /Users/anhnguyen/Desktop/laptop_shop/laravel-gateway/vendor/laravel/framework/src/Illuminate/Foundation/Http/Middleware/ValidatePostSize.php(27): Illuminate\\Pipeline\\Pipeline->Illuminate\\Pipeline\\{closure}(Object(Illuminate\\Http\\Request))
#50 /Users/anhnguyen/Desktop/laptop_shop/laravel-gateway/vendor/laravel/framework/src/Illuminate/Pipeline/Pipeline.php(183): Illuminate\\Foundation\\Http\\Middleware\\ValidatePostSize->handle(Object(Illuminate\\Http\\Request), Object(Closure))
#51 /Users/anhnguyen/Desktop/laptop_shop/laravel-gateway/vendor/laravel/framework/src/Illuminate/Foundation/Http/Middleware/PreventRequestsDuringMaintenance.php(99): Illuminate\\Pipeline\\Pipeline->Illuminate\\Pipeline\\{closure}(Object(Illuminate\\Http\\Request))
#52 /Users/anhnguyen/Desktop/laptop_shop/laravel-gateway/vendor/laravel/framework/src/Illuminate/Pipeline/Pipeline.php(183): Illuminate\\Foundation\\Http\\Middleware\\PreventRequestsDuringMaintenance->handle(Object(Illuminate\\Http\\Request), Object(Closure))
#53 /Users/anhnguyen/Desktop/laptop_shop/laravel-gateway/vendor/laravel/framework/src/Illuminate/Http/Middleware/HandleCors.php(62): Illuminate\\Pipeline\\Pipeline->Illuminate\\Pipeline\\{closure}(Object(Illuminate\\Http\\Request))
#54 /Users/anhnguyen/Desktop/laptop_shop/laravel-gateway/vendor/laravel/framework/src/Illuminate/Pipeline/Pipeline.php(183): Illuminate\\Http\\Middleware\\HandleCors->handle(Object(Illuminate\\Http\\Request), Object(Closure))
#55 /Users/anhnguyen/Desktop/laptop_shop/laravel-gateway/vendor/laravel/framework/src/Illuminate/Http/Middleware/TrustProxies.php(39): Illuminate\\Pipeline\\Pipeline->Illuminate\\Pipeline\\{closure}(Object(Illuminate\\Http\\Request))
#56 /Users/anhnguyen/Desktop/laptop_shop/laravel-gateway/vendor/laravel/framework/src/Illuminate/Pipeline/Pipeline.php(183): Illuminate\\Http\\Middleware\\TrustProxies->handle(Object(Illuminate\\Http\\Request), Object(Closure))
#57 /Users/anhnguyen/Desktop/laptop_shop/laravel-gateway/vendor/laravel/framework/src/Illuminate/Pipeline/Pipeline.php(119): Illuminate\\Pipeline\\Pipeline->Illuminate\\Pipeline\\{closure}(Object(Illuminate\\Http\\Request))
#58 /Users/anhnguyen/Desktop/laptop_shop/laravel-gateway/vendor/laravel/framework/src/Illuminate/Foundation/Http/Kernel.php(175): Illuminate\\Pipeline\\Pipeline->then(Object(Closure))
#59 /Users/anhnguyen/Desktop/laptop_shop/laravel-gateway/vendor/laravel/framework/src/Illuminate/Foundation/Http/Kernel.php(144): Illuminate\\Foundation\\Http\\Kernel->sendRequestThroughRouter(Object(Illuminate\\Http\\Request))
#60 /Users/anhnguyen/Desktop/laptop_shop/laravel-gateway/public/index.php(51): Illuminate\\Foundation\\Http\\Kernel->handle(Object(Illuminate\\Http\\Request))
#61 /Users/anhnguyen/Desktop/laptop_shop/laravel-gateway/vendor/laravel/framework/src/Illuminate/Foundation/resources/server.php(16): require_once('/Users/anhnguye...')
#62 {main}
"} 
[2024-12-21 17:06:54] local.ERROR: cURL error 6: Could not resolve host: user-service.local (see https://curl.haxx.se/libcurl/c/libcurl-errors.html) for http://user-service.local/api/auth/register {"exception":"[object] (Illuminate\\Http\\Client\\ConnectionException(code: 0): cURL error 6: Could not resolve host: user-service.local (see https://curl.haxx.se/libcurl/c/libcurl-errors.html) for http://user-service.local/api/auth/register at /Users/anhnguyen/Desktop/laptop_shop/laravel-gateway/vendor/laravel/framework/src/Illuminate/Http/Client/PendingRequest.php:930)
[stacktrace]
#0 /Users/anhnguyen/Desktop/laptop_shop/laravel-gateway/vendor/laravel/framework/src/Illuminate/Support/helpers.php(248): Illuminate\\Http\\Client\\PendingRequest->Illuminate\\Http\\Client\\{closure}(1)
#1 /Users/anhnguyen/Desktop/laptop_shop/laravel-gateway/vendor/laravel/framework/src/Illuminate/Http/Client/PendingRequest.php(892): retry(0, Object(Closure), 100, Object(Closure))
#2 /Users/anhnguyen/Desktop/laptop_shop/laravel-gateway/vendor/laravel/framework/src/Illuminate/Http/Client/PendingRequest.php(798): Illuminate\\Http\\Client\\PendingRequest->send('POST', 'http://user-ser...', Array)
#3 /Users/anhnguyen/Desktop/laptop_shop/laravel-gateway/vendor/laravel/framework/src/Illuminate/Http/Client/Factory.php(461): Illuminate\\Http\\Client\\PendingRequest->post('http://user-ser...', Array)
#4 /Users/anhnguyen/Desktop/laptop_shop/laravel-gateway/vendor/laravel/framework/src/Illuminate/Support/Facades/Facade.php(355): Illuminate\\Http\\Client\\Factory->__call('post', Array)
#5 /Users/anhnguyen/Desktop/laptop_shop/laravel-gateway/app/Http/Controllers/ApiGatewayController.php(15): Illuminate\\Support\\Facades\\Facade::__callStatic('post', Array)
#6 /Users/anhnguyen/Desktop/laptop_shop/laravel-gateway/vendor/laravel/framework/src/Illuminate/Routing/Controller.php(54): App\\Http\\Controllers\\ApiGatewayController->forwardRequest('user', Object(Illuminate\\Http\\Request))
#7 /Users/anhnguyen/Desktop/laptop_shop/laravel-gateway/vendor/laravel/framework/src/Illuminate/Routing/ControllerDispatcher.php(43): Illuminate\\Routing\\Controller->callAction('forwardRequest', Array)
#8 /Users/anhnguyen/Desktop/laptop_shop/laravel-gateway/vendor/laravel/framework/src/Illuminate/Routing/Route.php(259): Illuminate\\Routing\\ControllerDispatcher->dispatch(Object(Illuminate\\Routing\\Route), Object(App\\Http\\Controllers\\ApiGatewayController), 'forwardRequest')
#9 /Users/anhnguyen/Desktop/laptop_shop/laravel-gateway/vendor/laravel/framework/src/Illuminate/Routing/Route.php(205): Illuminate\\Routing\\Route->runController()
#10 /Users/anhnguyen/Desktop/laptop_shop/laravel-gateway/vendor/laravel/framework/src/Illuminate/Routing/Router.php(806): Illuminate\\Routing\\Route->run()
#11 /Users/anhnguyen/Desktop/laptop_shop/laravel-gateway/vendor/laravel/framework/src/Illuminate/Pipeline/Pipeline.php(144): Illuminate\\Routing\\Router->Illuminate\\Routing\\{closure}(Object(Illuminate\\Http\\Request))
#12 /Users/anhnguyen/Desktop/laptop_shop/laravel-gateway/vendor/laravel/framework/src/Illuminate/Routing/Middleware/SubstituteBindings.php(50): Illuminate\\Pipeline\\Pipeline->Illuminate\\Pipeline\\{closure}(Object(Illuminate\\Http\\Request))
#13 /Users/anhnguyen/Desktop/laptop_shop/laravel-gateway/vendor/laravel/framework/src/Illuminate/Pipeline/Pipeline.php(183): Illuminate\\Routing\\Middleware\\SubstituteBindings->handle(Object(Illuminate\\Http\\Request), Object(Closure))
#14 /Users/anhnguyen/Desktop/laptop_shop/laravel-gateway/vendor/laravel/framework/src/Illuminate/Routing/Middleware/ThrottleRequests.php(159): Illuminate\\Pipeline\\Pipeline->Illuminate\\Pipeline\\{closure}(Object(Illuminate\\Http\\Request))
#15 /Users/anhnguyen/Desktop/laptop_shop/laravel-gateway/vendor/laravel/framework/src/Illuminate/Routing/Middleware/ThrottleRequests.php(125): Illuminate\\Routing\\Middleware\\ThrottleRequests->handleRequest(Object(Illuminate\\Http\\Request), Object(Closure), Array)
#16 /Users/anhnguyen/Desktop/laptop_shop/laravel-gateway/vendor/laravel/framework/src/Illuminate/Routing/Middleware/ThrottleRequests.php(87): Illuminate\\Routing\\Middleware\\ThrottleRequests->handleRequestUsingNamedLimiter(Object(Illuminate\\Http\\Request), Object(Closure), 'api', Object(Closure))
#17 /Users/anhnguyen/Desktop/laptop_shop/laravel-gateway/vendor/laravel/framework/src/Illuminate/Pipeline/Pipeline.php(183): Illuminate\\Routing\\Middleware\\ThrottleRequests->handle(Object(Illuminate\\Http\\Request), Object(Closure), 'api')
#18 /Users/anhnguyen/Desktop/laptop_shop/laravel-gateway/vendor/laravel/framework/src/Illuminate/Pipeline/Pipeline.php(119): Illuminate\\Pipeline\\Pipeline->Illuminate\\Pipeline\\{closure}(Object(Illuminate\\Http\\Request))
#19 /Users/anhnguyen/Desktop/laptop_shop/laravel-gateway/vendor/laravel/framework/src/Illuminate/Routing/Router.php(805): Illuminate\\Pipeline\\Pipeline->then(Object(Closure))
#20 /Users/anhnguyen/Desktop/laptop_shop/laravel-gateway/vendor/laravel/framework/src/Illuminate/Routing/Router.php(784): Illuminate\\Routing\\Router->runRouteWithinStack(Object(Illuminate\\Routing\\Route), Object(Illuminate\\Http\\Request))
#21 /Users/anhnguyen/Desktop/laptop_shop/laravel-gateway/vendor/laravel/framework/src/Illuminate/Routing/Router.php(748): Illuminate\\Routing\\Router->runRoute(Object(Illuminate\\Http\\Request), Object(Illuminate\\Routing\\Route))
#22 /Users/anhnguyen/Desktop/laptop_shop/laravel-gateway/vendor/laravel/framework/src/Illuminate/Routing/Router.php(737): Illuminate\\Routing\\Router->dispatchToRoute(Object(Illuminate\\Http\\Request))
#23 /Users/anhnguyen/Desktop/laptop_shop/laravel-gateway/vendor/laravel/framework/src/Illuminate/Foundation/Http/Kernel.php(200): Illuminate\\Routing\\Router->dispatch(Object(Illuminate\\Http\\Request))
#24 /Users/anhnguyen/Desktop/laptop_shop/laravel-gateway/vendor/laravel/framework/src/Illuminate/Pipeline/Pipeline.php(144): Illuminate\\Foundation\\Http\\Kernel->Illuminate\\Foundation\\Http\\{closure}(Object(Illuminate\\Http\\Request))
#25 /Users/anhnguyen/Desktop/laptop_shop/laravel-gateway/vendor/laravel/framework/src/Illuminate/Foundation/Http/Middleware/TransformsRequest.php(21): Illuminate\\Pipeline\\Pipeline->Illuminate\\Pipeline\\{closure}(Object(Illuminate\\Http\\Request))
#26 /Users/anhnguyen/Desktop/laptop_shop/laravel-gateway/vendor/laravel/framework/src/Illuminate/Foundation/Http/Middleware/ConvertEmptyStringsToNull.php(31): Illuminate\\Foundation\\Http\\Middleware\\TransformsRequest->handle(Object(Illuminate\\Http\\Request), Object(Closure))
#27 /Users/anhnguyen/Desktop/laptop_shop/laravel-gateway/vendor/laravel/framework/src/Illuminate/Pipeline/Pipeline.php(183): Illuminate\\Foundation\\Http\\Middleware\\ConvertEmptyStringsToNull->handle(Object(Illuminate\\Http\\Request), Object(Closure))
#28 /Users/anhnguyen/Desktop/laptop_shop/laravel-gateway/vendor/laravel/framework/src/Illuminate/Foundation/Http/Middleware/TransformsRequest.php(21): Illuminate\\Pipeline\\Pipeline->Illuminate\\Pipeline\\{closure}(Object(Illuminate\\Http\\Request))
#29 /Users/anhnguyen/Desktop/laptop_shop/laravel-gateway/vendor/laravel/framework/src/Illuminate/Foundation/Http/Middleware/TrimStrings.php(40): Illuminate\\Foundation\\Http\\Middleware\\TransformsRequest->handle(Object(Illuminate\\Http\\Request), Object(Closure))
#30 /Users/anhnguyen/Desktop/laptop_shop/laravel-gateway/vendor/laravel/framework/src/Illuminate/Pipeline/Pipeline.php(183): Illuminate\\Foundation\\Http\\Middleware\\TrimStrings->handle(Object(Illuminate\\Http\\Request), Object(Closure))
#31 /Users/anhnguyen/Desktop/laptop_shop/laravel-gateway/vendor/laravel/framework/src/Illuminate/Foundation/Http/Middleware/ValidatePostSize.php(27): Illuminate\\Pipeline\\Pipeline->Illuminate\\Pipeline\\{closure}(Object(Illuminate\\Http\\Request))
#32 /Users/anhnguyen/Desktop/laptop_shop/laravel-gateway/vendor/laravel/framework/src/Illuminate/Pipeline/Pipeline.php(183): Illuminate\\Foundation\\Http\\Middleware\\ValidatePostSize->handle(Object(Illuminate\\Http\\Request), Object(Closure))
#33 /Users/anhnguyen/Desktop/laptop_shop/laravel-gateway/vendor/laravel/framework/src/Illuminate/Foundation/Http/Middleware/PreventRequestsDuringMaintenance.php(99): Illuminate\\Pipeline\\Pipeline->Illuminate\\Pipeline\\{closure}(Object(Illuminate\\Http\\Request))
#34 /Users/anhnguyen/Desktop/laptop_shop/laravel-gateway/vendor/laravel/framework/src/Illuminate/Pipeline/Pipeline.php(183): Illuminate\\Foundation\\Http\\Middleware\\PreventRequestsDuringMaintenance->handle(Object(Illuminate\\Http\\Request), Object(Closure))
#35 /Users/anhnguyen/Desktop/laptop_shop/laravel-gateway/vendor/laravel/framework/src/Illuminate/Http/Middleware/HandleCors.php(62): Illuminate\\Pipeline\\Pipeline->Illuminate\\Pipeline\\{closure}(Object(Illuminate\\Http\\Request))
#36 /Users/anhnguyen/Desktop/laptop_shop/laravel-gateway/vendor/laravel/framework/src/Illuminate/Pipeline/Pipeline.php(183): Illuminate\\Http\\Middleware\\HandleCors->handle(Object(Illuminate\\Http\\Request), Object(Closure))
#37 /Users/anhnguyen/Desktop/laptop_shop/laravel-gateway/vendor/laravel/framework/src/Illuminate/Http/Middleware/TrustProxies.php(39): Illuminate\\Pipeline\\Pipeline->Illuminate\\Pipeline\\{closure}(Object(Illuminate\\Http\\Request))
#38 /Users/anhnguyen/Desktop/laptop_shop/laravel-gateway/vendor/laravel/framework/src/Illuminate/Pipeline/Pipeline.php(183): Illuminate\\Http\\Middleware\\TrustProxies->handle(Object(Illuminate\\Http\\Request), Object(Closure))
#39 /Users/anhnguyen/Desktop/laptop_shop/laravel-gateway/vendor/laravel/framework/src/Illuminate/Pipeline/Pipeline.php(119): Illuminate\\Pipeline\\Pipeline->Illuminate\\Pipeline\\{closure}(Object(Illuminate\\Http\\Request))
#40 /Users/anhnguyen/Desktop/laptop_shop/laravel-gateway/vendor/laravel/framework/src/Illuminate/Foundation/Http/Kernel.php(175): Illuminate\\Pipeline\\Pipeline->then(Object(Closure))
#41 /Users/anhnguyen/Desktop/laptop_shop/laravel-gateway/vendor/laravel/framework/src/Illuminate/Foundation/Http/Kernel.php(144): Illuminate\\Foundation\\Http\\Kernel->sendRequestThroughRouter(Object(Illuminate\\Http\\Request))
#42 /Users/anhnguyen/Desktop/laptop_shop/laravel-gateway/public/index.php(51): Illuminate\\Foundation\\Http\\Kernel->handle(Object(Illuminate\\Http\\Request))
#43 /Users/anhnguyen/Desktop/laptop_shop/laravel-gateway/vendor/laravel/framework/src/Illuminate/Foundation/resources/server.php(16): require_once('/Users/anhnguye...')
#44 {main}

[previous exception] [object] (GuzzleHttp\\Exception\\ConnectException(code: 0): cURL error 6: Could not resolve host: user-service.local (see https://curl.haxx.se/libcurl/c/libcurl-errors.html) for http://user-service.local/api/auth/register at /Users/anhnguyen/Desktop/laptop_shop/laravel-gateway/vendor/guzzlehttp/guzzle/src/Handler/CurlFactory.php:275)
[stacktrace]
#0 /Users/anhnguyen/Desktop/laptop_shop/laravel-gateway/vendor/guzzlehttp/guzzle/src/Handler/CurlFactory.php(205): GuzzleHttp\\Handler\\CurlFactory::createRejection(Object(GuzzleHttp\\Handler\\EasyHandle), Array)
#1 /Users/anhnguyen/Desktop/laptop_shop/laravel-gateway/vendor/guzzlehttp/guzzle/src/Handler/CurlFactory.php(157): GuzzleHttp\\Handler\\CurlFactory::finishError(Object(GuzzleHttp\\Handler\\CurlHandler), Object(GuzzleHttp\\Handler\\EasyHandle), Object(GuzzleHttp\\Handler\\CurlFactory))
#2 /Users/anhnguyen/Desktop/laptop_shop/laravel-gateway/vendor/guzzlehttp/guzzle/src/Handler/CurlHandler.php(47): GuzzleHttp\\Handler\\CurlFactory::finish(Object(GuzzleHttp\\Handler\\CurlHandler), Object(GuzzleHttp\\Handler\\EasyHandle), Object(GuzzleHttp\\Handler\\CurlFactory))
#3 /Users/anhnguyen/Desktop/laptop_shop/laravel-gateway/vendor/guzzlehttp/guzzle/src/Handler/Proxy.php(28): GuzzleHttp\\Handler\\CurlHandler->__invoke(Object(GuzzleHttp\\Psr7\\Request), Array)
#4 /Users/anhnguyen/Desktop/laptop_shop/laravel-gateway/vendor/guzzlehttp/guzzle/src/Handler/Proxy.php(48): GuzzleHttp\\Handler\\Proxy::GuzzleHttp\\Handler\\{closure}(Object(GuzzleHttp\\Psr7\\Request), Array)
#5 /Users/anhnguyen/Desktop/laptop_shop/laravel-gateway/vendor/laravel/framework/src/Illuminate/Http/Client/PendingRequest.php(1256): GuzzleHttp\\Handler\\Proxy::GuzzleHttp\\Handler\\{closure}(Object(GuzzleHttp\\Psr7\\Request), Array)
#6 /Users/anhnguyen/Desktop/laptop_shop/laravel-gateway/vendor/laravel/framework/src/Illuminate/Http/Client/PendingRequest.php(1222): Illuminate\\Http\\Client\\PendingRequest->Illuminate\\Http\\Client\\{closure}(Object(GuzzleHttp\\Psr7\\Request), Array)
#7 /Users/anhnguyen/Desktop/laptop_shop/laravel-gateway/vendor/laravel/framework/src/Illuminate/Http/Client/PendingRequest.php(1208): Illuminate\\Http\\Client\\PendingRequest->Illuminate\\Http\\Client\\{closure}(Object(GuzzleHttp\\Psr7\\Request), Array)
#8 /Users/anhnguyen/Desktop/laptop_shop/laravel-gateway/vendor/guzzlehttp/guzzle/src/PrepareBodyMiddleware.php(64): Illuminate\\Http\\Client\\PendingRequest->Illuminate\\Http\\Client\\{closure}(Object(GuzzleHttp\\Psr7\\Request), Array)
#9 /Users/anhnguyen/Desktop/laptop_shop/laravel-gateway/vendor/guzzlehttp/guzzle/src/Middleware.php(38): GuzzleHttp\\PrepareBodyMiddleware->__invoke(Object(GuzzleHttp\\Psr7\\Request), Array)
#10 /Users/anhnguyen/Desktop/laptop_shop/laravel-gateway/vendor/guzzlehttp/guzzle/src/RedirectMiddleware.php(71): GuzzleHttp\\Middleware::GuzzleHttp\\{closure}(Object(GuzzleHttp\\Psr7\\Request), Array)
#11 /Users/anhnguyen/Desktop/laptop_shop/laravel-gateway/vendor/guzzlehttp/guzzle/src/Middleware.php(63): GuzzleHttp\\RedirectMiddleware->__invoke(Object(GuzzleHttp\\Psr7\\Request), Array)
#12 /Users/anhnguyen/Desktop/laptop_shop/laravel-gateway/vendor/guzzlehttp/guzzle/src/HandlerStack.php(75): GuzzleHttp\\Middleware::GuzzleHttp\\{closure}(Object(GuzzleHttp\\Psr7\\Request), Array)
#13 /Users/anhnguyen/Desktop/laptop_shop/laravel-gateway/vendor/guzzlehttp/guzzle/src/Client.php(333): GuzzleHttp\\HandlerStack->__invoke(Object(GuzzleHttp\\Psr7\\Request), Array)
#14 /Users/anhnguyen/Desktop/laptop_shop/laravel-gateway/vendor/guzzlehttp/guzzle/src/Client.php(169): GuzzleHttp\\Client->transfer(Object(GuzzleHttp\\Psr7\\Request), Array)
#15 /Users/anhnguyen/Desktop/laptop_shop/laravel-gateway/vendor/guzzlehttp/guzzle/src/Client.php(189): GuzzleHttp\\Client->requestAsync('POST', Object(GuzzleHttp\\Psr7\\Uri), Array)
#16 /Users/anhnguyen/Desktop/laptop_shop/laravel-gateway/vendor/laravel/framework/src/Illuminate/Http/Client/PendingRequest.php(1053): GuzzleHttp\\Client->request('POST', 'http://user-ser...', Array)
#17 /Users/anhnguyen/Desktop/laptop_shop/laravel-gateway/vendor/laravel/framework/src/Illuminate/Http/Client/PendingRequest.php(894): Illuminate\\Http\\Client\\PendingRequest->sendRequest('POST', 'http://user-ser...', Array)
#18 /Users/anhnguyen/Desktop/laptop_shop/laravel-gateway/vendor/laravel/framework/src/Illuminate/Support/helpers.php(248): Illuminate\\Http\\Client\\PendingRequest->Illuminate\\Http\\Client\\{closure}(1)
#19 /Users/anhnguyen/Desktop/laptop_shop/laravel-gateway/vendor/laravel/framework/src/Illuminate/Http/Client/PendingRequest.php(892): retry(0, Object(Closure), 100, Object(Closure))
#20 /Users/anhnguyen/Desktop/laptop_shop/laravel-gateway/vendor/laravel/framework/src/Illuminate/Http/Client/PendingRequest.php(798): Illuminate\\Http\\Client\\PendingRequest->send('POST', 'http://user-ser...', Array)
#21 /Users/anhnguyen/Desktop/laptop_shop/laravel-gateway/vendor/laravel/framework/src/Illuminate/Http/Client/Factory.php(461): Illuminate\\Http\\Client\\PendingRequest->post('http://user-ser...', Array)
#22 /Users/anhnguyen/Desktop/laptop_shop/laravel-gateway/vendor/laravel/framework/src/Illuminate/Support/Facades/Facade.php(355): Illuminate\\Http\\Client\\Factory->__call('post', Array)
#23 /Users/anhnguyen/Desktop/laptop_shop/laravel-gateway/app/Http/Controllers/ApiGatewayController.php(15): Illuminate\\Support\\Facades\\Facade::__callStatic('post', Array)
#24 /Users/anhnguyen/Desktop/laptop_shop/laravel-gateway/vendor/laravel/framework/src/Illuminate/Routing/Controller.php(54): App\\Http\\Controllers\\ApiGatewayController->forwardRequest('user', Object(Illuminate\\Http\\Request))
#25 /Users/anhnguyen/Desktop/laptop_shop/laravel-gateway/vendor/laravel/framework/src/Illuminate/Routing/ControllerDispatcher.php(43): Illuminate\\Routing\\Controller->callAction('forwardRequest', Array)
#26 /Users/anhnguyen/Desktop/laptop_shop/laravel-gateway/vendor/laravel/framework/src/Illuminate/Routing/Route.php(259): Illuminate\\Routing\\ControllerDispatcher->dispatch(Object(Illuminate\\Routing\\Route), Object(App\\Http\\Controllers\\ApiGatewayController), 'forwardRequest')
#27 /Users/anhnguyen/Desktop/laptop_shop/laravel-gateway/vendor/laravel/framework/src/Illuminate/Routing/Route.php(205): Illuminate\\Routing\\Route->runController()
#28 /Users/anhnguyen/Desktop/laptop_shop/laravel-gateway/vendor/laravel/framework/src/Illuminate/Routing/Router.php(806): Illuminate\\Routing\\Route->run()
#29 /Users/anhnguyen/Desktop/laptop_shop/laravel-gateway/vendor/laravel/framework/src/Illuminate/Pipeline/Pipeline.php(144): Illuminate\\Routing\\Router->Illuminate\\Routing\\{closure}(Object(Illuminate\\Http\\Request))
#30 /Users/anhnguyen/Desktop/laptop_shop/laravel-gateway/vendor/laravel/framework/src/Illuminate/Routing/Middleware/SubstituteBindings.php(50): Illuminate\\Pipeline\\Pipeline->Illuminate\\Pipeline\\{closure}(Object(Illuminate\\Http\\Request))
#31 /Users/anhnguyen/Desktop/laptop_shop/laravel-gateway/vendor/laravel/framework/src/Illuminate/Pipeline/Pipeline.php(183): Illuminate\\Routing\\Middleware\\SubstituteBindings->handle(Object(Illuminate\\Http\\Request), Object(Closure))
#32 /Users/anhnguyen/Desktop/laptop_shop/laravel-gateway/vendor/laravel/framework/src/Illuminate/Routing/Middleware/ThrottleRequests.php(159): Illuminate\\Pipeline\\Pipeline->Illuminate\\Pipeline\\{closure}(Object(Illuminate\\Http\\Request))
#33 /Users/anhnguyen/Desktop/laptop_shop/laravel-gateway/vendor/laravel/framework/src/Illuminate/Routing/Middleware/ThrottleRequests.php(125): Illuminate\\Routing\\Middleware\\ThrottleRequests->handleRequest(Object(Illuminate\\Http\\Request), Object(Closure), Array)
#34 /Users/anhnguyen/Desktop/laptop_shop/laravel-gateway/vendor/laravel/framework/src/Illuminate/Routing/Middleware/ThrottleRequests.php(87): Illuminate\\Routing\\Middleware\\ThrottleRequests->handleRequestUsingNamedLimiter(Object(Illuminate\\Http\\Request), Object(Closure), 'api', Object(Closure))
#35 /Users/anhnguyen/Desktop/laptop_shop/laravel-gateway/vendor/laravel/framework/src/Illuminate/Pipeline/Pipeline.php(183): Illuminate\\Routing\\Middleware\\ThrottleRequests->handle(Object(Illuminate\\Http\\Request), Object(Closure), 'api')
#36 /Users/anhnguyen/Desktop/laptop_shop/laravel-gateway/vendor/laravel/framework/src/Illuminate/Pipeline/Pipeline.php(119): Illuminate\\Pipeline\\Pipeline->Illuminate\\Pipeline\\{closure}(Object(Illuminate\\Http\\Request))
#37 /Users/anhnguyen/Desktop/laptop_shop/laravel-gateway/vendor/laravel/framework/src/Illuminate/Routing/Router.php(805): Illuminate\\Pipeline\\Pipeline->then(Object(Closure))
#38 /Users/anhnguyen/Desktop/laptop_shop/laravel-gateway/vendor/laravel/framework/src/Illuminate/Routing/Router.php(784): Illuminate\\Routing\\Router->runRouteWithinStack(Object(Illuminate\\Routing\\Route), Object(Illuminate\\Http\\Request))
#39 /Users/anhnguyen/Desktop/laptop_shop/laravel-gateway/vendor/laravel/framework/src/Illuminate/Routing/Router.php(748): Illuminate\\Routing\\Router->runRoute(Object(Illuminate\\Http\\Request), Object(Illuminate\\Routing\\Route))
#40 /Users/anhnguyen/Desktop/laptop_shop/laravel-gateway/vendor/laravel/framework/src/Illuminate/Routing/Router.php(737): Illuminate\\Routing\\Router->dispatchToRoute(Object(Illuminate\\Http\\Request))
#41 /Users/anhnguyen/Desktop/laptop_shop/laravel-gateway/vendor/laravel/framework/src/Illuminate/Foundation/Http/Kernel.php(200): Illuminate\\Routing\\Router->dispatch(Object(Illuminate\\Http\\Request))
#42 /Users/anhnguyen/Desktop/laptop_shop/laravel-gateway/vendor/laravel/framework/src/Illuminate/Pipeline/Pipeline.php(144): Illuminate\\Foundation\\Http\\Kernel->Illuminate\\Foundation\\Http\\{closure}(Object(Illuminate\\Http\\Request))
#43 /Users/anhnguyen/Desktop/laptop_shop/laravel-gateway/vendor/laravel/framework/src/Illuminate/Foundation/Http/Middleware/TransformsRequest.php(21): Illuminate\\Pipeline\\Pipeline->Illuminate\\Pipeline\\{closure}(Object(Illuminate\\Http\\Request))
#44 /Users/anhnguyen/Desktop/laptop_shop/laravel-gateway/vendor/laravel/framework/src/Illuminate/Foundation/Http/Middleware/ConvertEmptyStringsToNull.php(31): Illuminate\\Foundation\\Http\\Middleware\\TransformsRequest->handle(Object(Illuminate\\Http\\Request), Object(Closure))
#45 /Users/anhnguyen/Desktop/laptop_shop/laravel-gateway/vendor/laravel/framework/src/Illuminate/Pipeline/Pipeline.php(183): Illuminate\\Foundation\\Http\\Middleware\\ConvertEmptyStringsToNull->handle(Object(Illuminate\\Http\\Request), Object(Closure))
#46 /Users/anhnguyen/Desktop/laptop_shop/laravel-gateway/vendor/laravel/framework/src/Illuminate/Foundation/Http/Middleware/TransformsRequest.php(21): Illuminate\\Pipeline\\Pipeline->Illuminate\\Pipeline\\{closure}(Object(Illuminate\\Http\\Request))
#47 /Users/anhnguyen/Desktop/laptop_shop/laravel-gateway/vendor/laravel/framework/src/Illuminate/Foundation/Http/Middleware/TrimStrings.php(40): Illuminate\\Foundation\\Http\\Middleware\\TransformsRequest->handle(Object(Illuminate\\Http\\Request), Object(Closure))
#48 /Users/anhnguyen/Desktop/laptop_shop/laravel-gateway/vendor/laravel/framework/src/Illuminate/Pipeline/Pipeline.php(183): Illuminate\\Foundation\\Http\\Middleware\\TrimStrings->handle(Object(Illuminate\\Http\\Request), Object(Closure))
#49 /Users/anhnguyen/Desktop/laptop_shop/laravel-gateway/vendor/laravel/framework/src/Illuminate/Foundation/Http/Middleware/ValidatePostSize.php(27): Illuminate\\Pipeline\\Pipeline->Illuminate\\Pipeline\\{closure}(Object(Illuminate\\Http\\Request))
#50 /Users/anhnguyen/Desktop/laptop_shop/laravel-gateway/vendor/laravel/framework/src/Illuminate/Pipeline/Pipeline.php(183): Illuminate\\Foundation\\Http\\Middleware\\ValidatePostSize->handle(Object(Illuminate\\Http\\Request), Object(Closure))
#51 /Users/anhnguyen/Desktop/laptop_shop/laravel-gateway/vendor/laravel/framework/src/Illuminate/Foundation/Http/Middleware/PreventRequestsDuringMaintenance.php(99): Illuminate\\Pipeline\\Pipeline->Illuminate\\Pipeline\\{closure}(Object(Illuminate\\Http\\Request))
#52 /Users/anhnguyen/Desktop/laptop_shop/laravel-gateway/vendor/laravel/framework/src/Illuminate/Pipeline/Pipeline.php(183): Illuminate\\Foundation\\Http\\Middleware\\PreventRequestsDuringMaintenance->handle(Object(Illuminate\\Http\\Request), Object(Closure))
#53 /Users/anhnguyen/Desktop/laptop_shop/laravel-gateway/vendor/laravel/framework/src/Illuminate/Http/Middleware/HandleCors.php(62): Illuminate\\Pipeline\\Pipeline->Illuminate\\Pipeline\\{closure}(Object(Illuminate\\Http\\Request))
#54 /Users/anhnguyen/Desktop/laptop_shop/laravel-gateway/vendor/laravel/framework/src/Illuminate/Pipeline/Pipeline.php(183): Illuminate\\Http\\Middleware\\HandleCors->handle(Object(Illuminate\\Http\\Request), Object(Closure))
#55 /Users/anhnguyen/Desktop/laptop_shop/laravel-gateway/vendor/laravel/framework/src/Illuminate/Http/Middleware/TrustProxies.php(39): Illuminate\\Pipeline\\Pipeline->Illuminate\\Pipeline\\{closure}(Object(Illuminate\\Http\\Request))
#56 /Users/anhnguyen/Desktop/laptop_shop/laravel-gateway/vendor/laravel/framework/src/Illuminate/Pipeline/Pipeline.php(183): Illuminate\\Http\\Middleware\\TrustProxies->handle(Object(Illuminate\\Http\\Request), Object(Closure))
#57 /Users/anhnguyen/Desktop/laptop_shop/laravel-gateway/vendor/laravel/framework/src/Illuminate/Pipeline/Pipeline.php(119): Illuminate\\Pipeline\\Pipeline->Illuminate\\Pipeline\\{closure}(Object(Illuminate\\Http\\Request))
#58 /Users/anhnguyen/Desktop/laptop_shop/laravel-gateway/vendor/laravel/framework/src/Illuminate/Foundation/Http/Kernel.php(175): Illuminate\\Pipeline\\Pipeline->then(Object(Closure))
#59 /Users/anhnguyen/Desktop/laptop_shop/laravel-gateway/vendor/laravel/framework/src/Illuminate/Foundation/Http/Kernel.php(144): Illuminate\\Foundation\\Http\\Kernel->sendRequestThroughRouter(Object(Illuminate\\Http\\Request))
#60 /Users/anhnguyen/Desktop/laptop_shop/laravel-gateway/public/index.php(51): Illuminate\\Foundation\\Http\\Kernel->handle(Object(Illuminate\\Http\\Request))
#61 /Users/anhnguyen/Desktop/laptop_shop/laravel-gateway/vendor/laravel/framework/src/Illuminate/Foundation/resources/server.php(16): require_once('/Users/anhnguye...')
#62 {main}
"} 
[2024-12-21 17:11:09] local.ERROR: syntax error, unexpected identifier "dd", expecting ";" or "{" {"exception":"[object] (ParseError(code: 0): syntax error, unexpected identifier \"dd\", expecting \";\" or \"{\" at /Users/anhnguyen/Desktop/laptop_shop/laravel-gateway/app/Http/Controllers/ApiGatewayController.php:22)
[stacktrace]
#0 /Users/anhnguyen/Desktop/laptop_shop/laravel-gateway/vendor/composer/ClassLoader.php(427): Composer\\Autoload\\{closure}('/Users/anhnguye...')
#1 [internal function]: Composer\\Autoload\\ClassLoader->loadClass('App\\\\Http\\\\Contro...')
#2 /Users/anhnguyen/Desktop/laptop_shop/laravel-gateway/vendor/laravel/framework/src/Illuminate/Routing/Route.php(1096): is_a('App\\\\Http\\\\Contro...', 'Illuminate\\\\Rout...', true)
#3 /Users/anhnguyen/Desktop/laptop_shop/laravel-gateway/vendor/laravel/framework/src/Illuminate/Routing/Route.php(1035): Illuminate\\Routing\\Route->controllerMiddleware()
#4 /Users/anhnguyen/Desktop/laptop_shop/laravel-gateway/vendor/laravel/framework/src/Illuminate/Routing/Router.php(818): Illuminate\\Routing\\Route->gatherMiddleware()
#5 /Users/anhnguyen/Desktop/laptop_shop/laravel-gateway/vendor/laravel/framework/src/Illuminate/Routing/Router.php(800): Illuminate\\Routing\\Router->gatherRouteMiddleware(Object(Illuminate\\Routing\\Route))
#6 /Users/anhnguyen/Desktop/laptop_shop/laravel-gateway/vendor/laravel/framework/src/Illuminate/Routing/Router.php(784): Illuminate\\Routing\\Router->runRouteWithinStack(Object(Illuminate\\Routing\\Route), Object(Illuminate\\Http\\Request))
#7 /Users/anhnguyen/Desktop/laptop_shop/laravel-gateway/vendor/laravel/framework/src/Illuminate/Routing/Router.php(748): Illuminate\\Routing\\Router->runRoute(Object(Illuminate\\Http\\Request), Object(Illuminate\\Routing\\Route))
#8 /Users/anhnguyen/Desktop/laptop_shop/laravel-gateway/vendor/laravel/framework/src/Illuminate/Routing/Router.php(737): Illuminate\\Routing\\Router->dispatchToRoute(Object(Illuminate\\Http\\Request))
#9 /Users/anhnguyen/Desktop/laptop_shop/laravel-gateway/vendor/laravel/framework/src/Illuminate/Foundation/Http/Kernel.php(200): Illuminate\\Routing\\Router->dispatch(Object(Illuminate\\Http\\Request))
#10 /Users/anhnguyen/Desktop/laptop_shop/laravel-gateway/vendor/laravel/framework/src/Illuminate/Pipeline/Pipeline.php(144): Illuminate\\Foundation\\Http\\Kernel->Illuminate\\Foundation\\Http\\{closure}(Object(Illuminate\\Http\\Request))
#11 /Users/anhnguyen/Desktop/laptop_shop/laravel-gateway/vendor/laravel/framework/src/Illuminate/Foundation/Http/Middleware/TransformsRequest.php(21): Illuminate\\Pipeline\\Pipeline->Illuminate\\Pipeline\\{closure}(Object(Illuminate\\Http\\Request))
#12 /Users/anhnguyen/Desktop/laptop_shop/laravel-gateway/vendor/laravel/framework/src/Illuminate/Foundation/Http/Middleware/ConvertEmptyStringsToNull.php(31): Illuminate\\Foundation\\Http\\Middleware\\TransformsRequest->handle(Object(Illuminate\\Http\\Request), Object(Closure))
#13 /Users/anhnguyen/Desktop/laptop_shop/laravel-gateway/vendor/laravel/framework/src/Illuminate/Pipeline/Pipeline.php(183): Illuminate\\Foundation\\Http\\Middleware\\ConvertEmptyStringsToNull->handle(Object(Illuminate\\Http\\Request), Object(Closure))
#14 /Users/anhnguyen/Desktop/laptop_shop/laravel-gateway/vendor/laravel/framework/src/Illuminate/Foundation/Http/Middleware/TransformsRequest.php(21): Illuminate\\Pipeline\\Pipeline->Illuminate\\Pipeline\\{closure}(Object(Illuminate\\Http\\Request))
#15 /Users/anhnguyen/Desktop/laptop_shop/laravel-gateway/vendor/laravel/framework/src/Illuminate/Foundation/Http/Middleware/TrimStrings.php(40): Illuminate\\Foundation\\Http\\Middleware\\TransformsRequest->handle(Object(Illuminate\\Http\\Request), Object(Closure))
#16 /Users/anhnguyen/Desktop/laptop_shop/laravel-gateway/vendor/laravel/framework/src/Illuminate/Pipeline/Pipeline.php(183): Illuminate\\Foundation\\Http\\Middleware\\TrimStrings->handle(Object(Illuminate\\Http\\Request), Object(Closure))
#17 /Users/anhnguyen/Desktop/laptop_shop/laravel-gateway/vendor/laravel/framework/src/Illuminate/Foundation/Http/Middleware/ValidatePostSize.php(27): Illuminate\\Pipeline\\Pipeline->Illuminate\\Pipeline\\{closure}(Object(Illuminate\\Http\\Request))
#18 /Users/anhnguyen/Desktop/laptop_shop/laravel-gateway/vendor/laravel/framework/src/Illuminate/Pipeline/Pipeline.php(183): Illuminate\\Foundation\\Http\\Middleware\\ValidatePostSize->handle(Object(Illuminate\\Http\\Request), Object(Closure))
#19 /Users/anhnguyen/Desktop/laptop_shop/laravel-gateway/vendor/laravel/framework/src/Illuminate/Foundation/Http/Middleware/PreventRequestsDuringMaintenance.php(99): Illuminate\\Pipeline\\Pipeline->Illuminate\\Pipeline\\{closure}(Object(Illuminate\\Http\\Request))
#20 /Users/anhnguyen/Desktop/laptop_shop/laravel-gateway/vendor/laravel/framework/src/Illuminate/Pipeline/Pipeline.php(183): Illuminate\\Foundation\\Http\\Middleware\\PreventRequestsDuringMaintenance->handle(Object(Illuminate\\Http\\Request), Object(Closure))
#21 /Users/anhnguyen/Desktop/laptop_shop/laravel-gateway/vendor/laravel/framework/src/Illuminate/Http/Middleware/HandleCors.php(62): Illuminate\\Pipeline\\Pipeline->Illuminate\\Pipeline\\{closure}(Object(Illuminate\\Http\\Request))
#22 /Users/anhnguyen/Desktop/laptop_shop/laravel-gateway/vendor/laravel/framework/src/Illuminate/Pipeline/Pipeline.php(183): Illuminate\\Http\\Middleware\\HandleCors->handle(Object(Illuminate\\Http\\Request), Object(Closure))
#23 /Users/anhnguyen/Desktop/laptop_shop/laravel-gateway/vendor/laravel/framework/src/Illuminate/Http/Middleware/TrustProxies.php(39): Illuminate\\Pipeline\\Pipeline->Illuminate\\Pipeline\\{closure}(Object(Illuminate\\Http\\Request))
#24 /Users/anhnguyen/Desktop/laptop_shop/laravel-gateway/vendor/laravel/framework/src/Illuminate/Pipeline/Pipeline.php(183): Illuminate\\Http\\Middleware\\TrustProxies->handle(Object(Illuminate\\Http\\Request), Object(Closure))
#25 /Users/anhnguyen/Desktop/laptop_shop/laravel-gateway/vendor/laravel/framework/src/Illuminate/Pipeline/Pipeline.php(119): Illuminate\\Pipeline\\Pipeline->Illuminate\\Pipeline\\{closure}(Object(Illuminate\\Http\\Request))
#26 /Users/anhnguyen/Desktop/laptop_shop/laravel-gateway/vendor/laravel/framework/src/Illuminate/Foundation/Http/Kernel.php(175): Illuminate\\Pipeline\\Pipeline->then(Object(Closure))
#27 /Users/anhnguyen/Desktop/laptop_shop/laravel-gateway/vendor/laravel/framework/src/Illuminate/Foundation/Http/Kernel.php(144): Illuminate\\Foundation\\Http\\Kernel->sendRequestThroughRouter(Object(Illuminate\\Http\\Request))
#28 /Users/anhnguyen/Desktop/laptop_shop/laravel-gateway/public/index.php(51): Illuminate\\Foundation\\Http\\Kernel->handle(Object(Illuminate\\Http\\Request))
#29 /Users/anhnguyen/Desktop/laptop_shop/laravel-gateway/vendor/laravel/framework/src/Illuminate/Foundation/resources/server.php(16): require_once('/Users/anhnguye...')
#30 {main}
"} 
[2024-12-21 17:11:44] local.ERROR: syntax error, unexpected identifier "dd", expecting ";" or "{" {"exception":"[object] (ParseError(code: 0): syntax error, unexpected identifier \"dd\", expecting \";\" or \"{\" at /Users/anhnguyen/Desktop/laptop_shop/laravel-gateway/app/Http/Controllers/ApiGatewayController.php:22)
[stacktrace]
#0 /Users/anhnguyen/Desktop/laptop_shop/laravel-gateway/vendor/composer/ClassLoader.php(427): Composer\\Autoload\\{closure}('/Users/anhnguye...')
#1 [internal function]: Composer\\Autoload\\ClassLoader->loadClass('App\\\\Http\\\\Contro...')
#2 /Users/anhnguyen/Desktop/laptop_shop/laravel-gateway/vendor/laravel/framework/src/Illuminate/Routing/Route.php(1096): is_a('App\\\\Http\\\\Contro...', 'Illuminate\\\\Rout...', true)
#3 /Users/anhnguyen/Desktop/laptop_shop/laravel-gateway/vendor/laravel/framework/src/Illuminate/Routing/Route.php(1035): Illuminate\\Routing\\Route->controllerMiddleware()
#4 /Users/anhnguyen/Desktop/laptop_shop/laravel-gateway/vendor/laravel/framework/src/Illuminate/Routing/Router.php(818): Illuminate\\Routing\\Route->gatherMiddleware()
#5 /Users/anhnguyen/Desktop/laptop_shop/laravel-gateway/vendor/laravel/framework/src/Illuminate/Routing/Router.php(800): Illuminate\\Routing\\Router->gatherRouteMiddleware(Object(Illuminate\\Routing\\Route))
#6 /Users/anhnguyen/Desktop/laptop_shop/laravel-gateway/vendor/laravel/framework/src/Illuminate/Routing/Router.php(784): Illuminate\\Routing\\Router->runRouteWithinStack(Object(Illuminate\\Routing\\Route), Object(Illuminate\\Http\\Request))
#7 /Users/anhnguyen/Desktop/laptop_shop/laravel-gateway/vendor/laravel/framework/src/Illuminate/Routing/Router.php(748): Illuminate\\Routing\\Router->runRoute(Object(Illuminate\\Http\\Request), Object(Illuminate\\Routing\\Route))
#8 /Users/anhnguyen/Desktop/laptop_shop/laravel-gateway/vendor/laravel/framework/src/Illuminate/Routing/Router.php(737): Illuminate\\Routing\\Router->dispatchToRoute(Object(Illuminate\\Http\\Request))
#9 /Users/anhnguyen/Desktop/laptop_shop/laravel-gateway/vendor/laravel/framework/src/Illuminate/Foundation/Http/Kernel.php(200): Illuminate\\Routing\\Router->dispatch(Object(Illuminate\\Http\\Request))
#10 /Users/anhnguyen/Desktop/laptop_shop/laravel-gateway/vendor/laravel/framework/src/Illuminate/Pipeline/Pipeline.php(144): Illuminate\\Foundation\\Http\\Kernel->Illuminate\\Foundation\\Http\\{closure}(Object(Illuminate\\Http\\Request))
#11 /Users/anhnguyen/Desktop/laptop_shop/laravel-gateway/vendor/laravel/framework/src/Illuminate/Foundation/Http/Middleware/TransformsRequest.php(21): Illuminate\\Pipeline\\Pipeline->Illuminate\\Pipeline\\{closure}(Object(Illuminate\\Http\\Request))
#12 /Users/anhnguyen/Desktop/laptop_shop/laravel-gateway/vendor/laravel/framework/src/Illuminate/Foundation/Http/Middleware/ConvertEmptyStringsToNull.php(31): Illuminate\\Foundation\\Http\\Middleware\\TransformsRequest->handle(Object(Illuminate\\Http\\Request), Object(Closure))
#13 /Users/anhnguyen/Desktop/laptop_shop/laravel-gateway/vendor/laravel/framework/src/Illuminate/Pipeline/Pipeline.php(183): Illuminate\\Foundation\\Http\\Middleware\\ConvertEmptyStringsToNull->handle(Object(Illuminate\\Http\\Request), Object(Closure))
#14 /Users/anhnguyen/Desktop/laptop_shop/laravel-gateway/vendor/laravel/framework/src/Illuminate/Foundation/Http/Middleware/TransformsRequest.php(21): Illuminate\\Pipeline\\Pipeline->Illuminate\\Pipeline\\{closure}(Object(Illuminate\\Http\\Request))
#15 /Users/anhnguyen/Desktop/laptop_shop/laravel-gateway/vendor/laravel/framework/src/Illuminate/Foundation/Http/Middleware/TrimStrings.php(40): Illuminate\\Foundation\\Http\\Middleware\\TransformsRequest->handle(Object(Illuminate\\Http\\Request), Object(Closure))
#16 /Users/anhnguyen/Desktop/laptop_shop/laravel-gateway/vendor/laravel/framework/src/Illuminate/Pipeline/Pipeline.php(183): Illuminate\\Foundation\\Http\\Middleware\\TrimStrings->handle(Object(Illuminate\\Http\\Request), Object(Closure))
#17 /Users/anhnguyen/Desktop/laptop_shop/laravel-gateway/vendor/laravel/framework/src/Illuminate/Foundation/Http/Middleware/ValidatePostSize.php(27): Illuminate\\Pipeline\\Pipeline->Illuminate\\Pipeline\\{closure}(Object(Illuminate\\Http\\Request))
#18 /Users/anhnguyen/Desktop/laptop_shop/laravel-gateway/vendor/laravel/framework/src/Illuminate/Pipeline/Pipeline.php(183): Illuminate\\Foundation\\Http\\Middleware\\ValidatePostSize->handle(Object(Illuminate\\Http\\Request), Object(Closure))
#19 /Users/anhnguyen/Desktop/laptop_shop/laravel-gateway/vendor/laravel/framework/src/Illuminate/Foundation/Http/Middleware/PreventRequestsDuringMaintenance.php(99): Illuminate\\Pipeline\\Pipeline->Illuminate\\Pipeline\\{closure}(Object(Illuminate\\Http\\Request))
#20 /Users/anhnguyen/Desktop/laptop_shop/laravel-gateway/vendor/laravel/framework/src/Illuminate/Pipeline/Pipeline.php(183): Illuminate\\Foundation\\Http\\Middleware\\PreventRequestsDuringMaintenance->handle(Object(Illuminate\\Http\\Request), Object(Closure))
#21 /Users/anhnguyen/Desktop/laptop_shop/laravel-gateway/vendor/laravel/framework/src/Illuminate/Http/Middleware/HandleCors.php(62): Illuminate\\Pipeline\\Pipeline->Illuminate\\Pipeline\\{closure}(Object(Illuminate\\Http\\Request))
#22 /Users/anhnguyen/Desktop/laptop_shop/laravel-gateway/vendor/laravel/framework/src/Illuminate/Pipeline/Pipeline.php(183): Illuminate\\Http\\Middleware\\HandleCors->handle(Object(Illuminate\\Http\\Request), Object(Closure))
#23 /Users/anhnguyen/Desktop/laptop_shop/laravel-gateway/vendor/laravel/framework/src/Illuminate/Http/Middleware/TrustProxies.php(39): Illuminate\\Pipeline\\Pipeline->Illuminate\\Pipeline\\{closure}(Object(Illuminate\\Http\\Request))
#24 /Users/anhnguyen/Desktop/laptop_shop/laravel-gateway/vendor/laravel/framework/src/Illuminate/Pipeline/Pipeline.php(183): Illuminate\\Http\\Middleware\\TrustProxies->handle(Object(Illuminate\\Http\\Request), Object(Closure))
#25 /Users/anhnguyen/Desktop/laptop_shop/laravel-gateway/vendor/laravel/framework/src/Illuminate/Pipeline/Pipeline.php(119): Illuminate\\Pipeline\\Pipeline->Illuminate\\Pipeline\\{closure}(Object(Illuminate\\Http\\Request))
#26 /Users/anhnguyen/Desktop/laptop_shop/laravel-gateway/vendor/laravel/framework/src/Illuminate/Foundation/Http/Kernel.php(175): Illuminate\\Pipeline\\Pipeline->then(Object(Closure))
#27 /Users/anhnguyen/Desktop/laptop_shop/laravel-gateway/vendor/laravel/framework/src/Illuminate/Foundation/Http/Kernel.php(144): Illuminate\\Foundation\\Http\\Kernel->sendRequestThroughRouter(Object(Illuminate\\Http\\Request))
#28 /Users/anhnguyen/Desktop/laptop_shop/laravel-gateway/public/index.php(51): Illuminate\\Foundation\\Http\\Kernel->handle(Object(Illuminate\\Http\\Request))
#29 /Users/anhnguyen/Desktop/laptop_shop/laravel-gateway/vendor/laravel/framework/src/Illuminate/Foundation/resources/server.php(16): require_once('/Users/anhnguye...')
#30 {main}
"} 
[2024-12-21 17:12:02] local.ERROR: syntax error, unexpected identifier "dd", expecting ";" or "{" {"exception":"[object] (ParseError(code: 0): syntax error, unexpected identifier \"dd\", expecting \";\" or \"{\" at /Users/anhnguyen/Desktop/laptop_shop/laravel-gateway/app/Http/Controllers/ApiGatewayController.php:22)
[stacktrace]
#0 /Users/anhnguyen/Desktop/laptop_shop/laravel-gateway/vendor/composer/ClassLoader.php(427): Composer\\Autoload\\{closure}('/Users/anhnguye...')
#1 [internal function]: Composer\\Autoload\\ClassLoader->loadClass('App\\\\Http\\\\Contro...')
#2 /Users/anhnguyen/Desktop/laptop_shop/laravel-gateway/vendor/laravel/framework/src/Illuminate/Routing/Route.php(1096): is_a('App\\\\Http\\\\Contro...', 'Illuminate\\\\Rout...', true)
#3 /Users/anhnguyen/Desktop/laptop_shop/laravel-gateway/vendor/laravel/framework/src/Illuminate/Routing/Route.php(1035): Illuminate\\Routing\\Route->controllerMiddleware()
#4 /Users/anhnguyen/Desktop/laptop_shop/laravel-gateway/vendor/laravel/framework/src/Illuminate/Routing/Router.php(818): Illuminate\\Routing\\Route->gatherMiddleware()
#5 /Users/anhnguyen/Desktop/laptop_shop/laravel-gateway/vendor/laravel/framework/src/Illuminate/Routing/Router.php(800): Illuminate\\Routing\\Router->gatherRouteMiddleware(Object(Illuminate\\Routing\\Route))
#6 /Users/anhnguyen/Desktop/laptop_shop/laravel-gateway/vendor/laravel/framework/src/Illuminate/Routing/Router.php(784): Illuminate\\Routing\\Router->runRouteWithinStack(Object(Illuminate\\Routing\\Route), Object(Illuminate\\Http\\Request))
#7 /Users/anhnguyen/Desktop/laptop_shop/laravel-gateway/vendor/laravel/framework/src/Illuminate/Routing/Router.php(748): Illuminate\\Routing\\Router->runRoute(Object(Illuminate\\Http\\Request), Object(Illuminate\\Routing\\Route))
#8 /Users/anhnguyen/Desktop/laptop_shop/laravel-gateway/vendor/laravel/framework/src/Illuminate/Routing/Router.php(737): Illuminate\\Routing\\Router->dispatchToRoute(Object(Illuminate\\Http\\Request))
#9 /Users/anhnguyen/Desktop/laptop_shop/laravel-gateway/vendor/laravel/framework/src/Illuminate/Foundation/Http/Kernel.php(200): Illuminate\\Routing\\Router->dispatch(Object(Illuminate\\Http\\Request))
#10 /Users/anhnguyen/Desktop/laptop_shop/laravel-gateway/vendor/laravel/framework/src/Illuminate/Pipeline/Pipeline.php(144): Illuminate\\Foundation\\Http\\Kernel->Illuminate\\Foundation\\Http\\{closure}(Object(Illuminate\\Http\\Request))
#11 /Users/anhnguyen/Desktop/laptop_shop/laravel-gateway/vendor/laravel/framework/src/Illuminate/Foundation/Http/Middleware/TransformsRequest.php(21): Illuminate\\Pipeline\\Pipeline->Illuminate\\Pipeline\\{closure}(Object(Illuminate\\Http\\Request))
#12 /Users/anhnguyen/Desktop/laptop_shop/laravel-gateway/vendor/laravel/framework/src/Illuminate/Foundation/Http/Middleware/ConvertEmptyStringsToNull.php(31): Illuminate\\Foundation\\Http\\Middleware\\TransformsRequest->handle(Object(Illuminate\\Http\\Request), Object(Closure))
#13 /Users/anhnguyen/Desktop/laptop_shop/laravel-gateway/vendor/laravel/framework/src/Illuminate/Pipeline/Pipeline.php(183): Illuminate\\Foundation\\Http\\Middleware\\ConvertEmptyStringsToNull->handle(Object(Illuminate\\Http\\Request), Object(Closure))
#14 /Users/anhnguyen/Desktop/laptop_shop/laravel-gateway/vendor/laravel/framework/src/Illuminate/Foundation/Http/Middleware/TransformsRequest.php(21): Illuminate\\Pipeline\\Pipeline->Illuminate\\Pipeline\\{closure}(Object(Illuminate\\Http\\Request))
#15 /Users/anhnguyen/Desktop/laptop_shop/laravel-gateway/vendor/laravel/framework/src/Illuminate/Foundation/Http/Middleware/TrimStrings.php(40): Illuminate\\Foundation\\Http\\Middleware\\TransformsRequest->handle(Object(Illuminate\\Http\\Request), Object(Closure))
#16 /Users/anhnguyen/Desktop/laptop_shop/laravel-gateway/vendor/laravel/framework/src/Illuminate/Pipeline/Pipeline.php(183): Illuminate\\Foundation\\Http\\Middleware\\TrimStrings->handle(Object(Illuminate\\Http\\Request), Object(Closure))
#17 /Users/anhnguyen/Desktop/laptop_shop/laravel-gateway/vendor/laravel/framework/src/Illuminate/Foundation/Http/Middleware/ValidatePostSize.php(27): Illuminate\\Pipeline\\Pipeline->Illuminate\\Pipeline\\{closure}(Object(Illuminate\\Http\\Request))
#18 /Users/anhnguyen/Desktop/laptop_shop/laravel-gateway/vendor/laravel/framework/src/Illuminate/Pipeline/Pipeline.php(183): Illuminate\\Foundation\\Http\\Middleware\\ValidatePostSize->handle(Object(Illuminate\\Http\\Request), Object(Closure))
#19 /Users/anhnguyen/Desktop/laptop_shop/laravel-gateway/vendor/laravel/framework/src/Illuminate/Foundation/Http/Middleware/PreventRequestsDuringMaintenance.php(99): Illuminate\\Pipeline\\Pipeline->Illuminate\\Pipeline\\{closure}(Object(Illuminate\\Http\\Request))
#20 /Users/anhnguyen/Desktop/laptop_shop/laravel-gateway/vendor/laravel/framework/src/Illuminate/Pipeline/Pipeline.php(183): Illuminate\\Foundation\\Http\\Middleware\\PreventRequestsDuringMaintenance->handle(Object(Illuminate\\Http\\Request), Object(Closure))
#21 /Users/anhnguyen/Desktop/laptop_shop/laravel-gateway/vendor/laravel/framework/src/Illuminate/Http/Middleware/HandleCors.php(62): Illuminate\\Pipeline\\Pipeline->Illuminate\\Pipeline\\{closure}(Object(Illuminate\\Http\\Request))
#22 /Users/anhnguyen/Desktop/laptop_shop/laravel-gateway/vendor/laravel/framework/src/Illuminate/Pipeline/Pipeline.php(183): Illuminate\\Http\\Middleware\\HandleCors->handle(Object(Illuminate\\Http\\Request), Object(Closure))
#23 /Users/anhnguyen/Desktop/laptop_shop/laravel-gateway/vendor/laravel/framework/src/Illuminate/Http/Middleware/TrustProxies.php(39): Illuminate\\Pipeline\\Pipeline->Illuminate\\Pipeline\\{closure}(Object(Illuminate\\Http\\Request))
#24 /Users/anhnguyen/Desktop/laptop_shop/laravel-gateway/vendor/laravel/framework/src/Illuminate/Pipeline/Pipeline.php(183): Illuminate\\Http\\Middleware\\TrustProxies->handle(Object(Illuminate\\Http\\Request), Object(Closure))
#25 /Users/anhnguyen/Desktop/laptop_shop/laravel-gateway/vendor/laravel/framework/src/Illuminate/Pipeline/Pipeline.php(119): Illuminate\\Pipeline\\Pipeline->Illuminate\\Pipeline\\{closure}(Object(Illuminate\\Http\\Request))
#26 /Users/anhnguyen/Desktop/laptop_shop/laravel-gateway/vendor/laravel/framework/src/Illuminate/Foundation/Http/Kernel.php(175): Illuminate\\Pipeline\\Pipeline->then(Object(Closure))
#27 /Users/anhnguyen/Desktop/laptop_shop/laravel-gateway/vendor/laravel/framework/src/Illuminate/Foundation/Http/Kernel.php(144): Illuminate\\Foundation\\Http\\Kernel->sendRequestThroughRouter(Object(Illuminate\\Http\\Request))
#28 /Users/anhnguyen/Desktop/laptop_shop/laravel-gateway/public/index.php(51): Illuminate\\Foundation\\Http\\Kernel->handle(Object(Illuminate\\Http\\Request))
#29 /Users/anhnguyen/Desktop/laptop_shop/laravel-gateway/vendor/laravel/framework/src/Illuminate/Foundation/resources/server.php(16): require_once('/Users/anhnguye...')
#30 {main}
"} 
